2025-04-03 02:02:12,656 - INFO - Starting analysis of: https://scholar.google.com/citations?user=uP3ODmoAAAAJ&hl=en
2025-04-03 02:02:12,656 - INFO - Settings: max_papers=5, max_citations_per_paper=10
2025-04-03 02:02:12,673 - INFO - ====== WebDriver manager ======
2025-04-03 02:02:13,062 - INFO - Get LATEST chromedriver version for google-chrome
2025-04-03 02:02:13,557 - INFO - Get LATEST chromedriver version for google-chrome
2025-04-03 02:02:13,907 - INFO - Driver [/Users/rahul/.wdm/drivers/chromedriver/mac64/135.0.7049.42/chromedriver-mac-arm64/chromedriver] found in cache
2025-04-03 02:02:15,828 - INFO - Getting author details...
2025-04-03 02:02:43,300 - INFO - Getting publications for Hossein Sayadi...
2025-04-03 02:02:48,214 - INFO - Processing 5 publications
2025-04-03 02:02:49,601 - INFO - Found 5 publications.
2025-04-03 02:02:49,602 - INFO - [1/5] Analyzing: Ensemble Learning for Effective Run-Time Hardware-...
2025-04-03 02:02:49,602 - INFO -   Checking up to 10 of 206 citations...
2025-04-03 02:02:54,425 - WARNING - CAPTCHA detected on attempt 1!
2025-04-03 02:02:54,429 - WARNING - CAPTCHA challenge present, waiting for manual intervention...
2025-04-03 02:03:24,462 - INFO - CAPTCHA appears to be solved, continuing...
2025-04-03 02:03:24,701 - INFO -   Found 0 self-citations in sample. Estimated total: 0
2025-04-03 02:03:24,701 - INFO - [2/5] Analyzing: Pyramid: Machine learning framework to estimate th...
2025-04-03 02:03:24,701 - INFO -   Checking up to 10 of 110 citations...
2025-04-03 02:03:29,234 - INFO -   Found 0 self-citations in sample. Estimated total: 0
2025-04-03 02:03:29,234 - INFO - [3/5] Analyzing: 2smart: A two-stage machine learning-based approac...
2025-04-03 02:03:29,234 - INFO -   Checking up to 10 of 89 citations...
2025-04-03 02:03:34,228 - INFO -   Found 3 self-citations in sample. Estimated total: 27
2025-04-03 02:03:34,229 - INFO - [4/5] Analyzing: Lightweight node-level malware detection and netwo...
2025-04-03 02:03:34,229 - INFO -   Checking up to 10 of 80 citations...
2025-04-03 02:03:58,110 - INFO -   Found 0 self-citations in sample. Estimated total: 0
2025-04-03 02:03:58,111 - INFO - [5/5] Analyzing: Machine learning-based approaches for energy-effic...
2025-04-03 02:03:58,111 - INFO -   Checking up to 10 of 75 citations...
2025-04-03 02:04:02,519 - INFO -   Found 5 self-citations in sample. Estimated total: 38
2025-04-03 02:04:57,555 - INFO - Starting analysis of: https://scholar.google.com/citations?user=F2eTslkAAAAJ&hl=en&oi=ao
2025-04-03 02:04:57,556 - INFO - Settings: max_papers=None, max_citations_per_paper=None
2025-04-03 02:04:57,572 - INFO - ====== WebDriver manager ======
2025-04-03 02:04:58,004 - INFO - Get LATEST chromedriver version for google-chrome
2025-04-03 02:04:58,095 - INFO - Get LATEST chromedriver version for google-chrome
2025-04-03 02:04:58,171 - INFO - Driver [/Users/rahul/.wdm/drivers/chromedriver/mac64/135.0.7049.42/chromedriver-mac-arm64/chromedriver] found in cache
2025-04-03 02:04:59,903 - INFO - Getting author details...
2025-04-03 02:05:05,095 - INFO - Getting publications for Rahul Vishwakarma...
2025-04-03 02:05:45,523 - INFO - No more papers to load or show more button not found
2025-04-03 02:05:45,534 - INFO - Processing 103 publications
2025-04-03 02:06:11,932 - INFO - Found 103 publications.
2025-04-03 02:06:11,933 - INFO - [1/103] Analyzing: High density data storage in DNA using an efficien...
2025-04-03 02:06:11,933 - INFO -   Checking up to 12 of 12 citations...
2025-04-03 02:06:17,206 - WARNING - CAPTCHA detected on attempt 1!
2025-04-03 02:06:17,213 - WARNING - CAPTCHA challenge present, waiting for manual intervention...
2025-04-03 02:06:47,247 - INFO - CAPTCHA appears to be solved, continuing...
2025-04-03 02:06:47,487 - INFO -   Found 0 self-citations.
2025-04-03 02:06:47,487 - INFO - [2/103] Analyzing: Machine Learning in Chaos-Based Encryption: Theory...
2025-04-03 02:06:47,487 - INFO -   Checking up to 10 of 10 citations...
2025-04-03 02:06:52,957 - INFO -   Found 0 self-citations.
2025-04-03 02:06:52,957 - INFO - [3/103] Analyzing: System and method for efficient backup system awar...
2025-04-03 02:06:52,957 - INFO -   Checking up to 9 of 9 citations...
2025-04-03 02:06:58,560 - INFO -   Found 1 self-citations.
2025-04-03 02:06:58,561 - INFO - [4/103] Analyzing: Risk-Aware and Explainable Framework for Ensuring ...
2025-04-03 02:06:58,561 - INFO -   Checking up to 8 of 8 citations...
2025-04-03 02:07:03,023 - INFO -   Found 5 self-citations.
2025-04-03 02:07:03,023 - INFO - [5/103] Analyzing: Reliable and secure memristor-based chaotic commun...
2025-04-03 02:07:03,023 - INFO -   Checking up to 7 of 7 citations...
2025-04-03 02:07:25,369 - INFO -   Found 1 self-citations.
2025-04-03 02:07:25,370 - INFO - [6/103] Analyzing: System and method for survival forecasting of disk...
2025-04-03 02:07:25,370 - INFO -   Checking up to 6 of 6 citations...
2025-04-03 02:07:30,808 - INFO -   Found 1 self-citations.
2025-04-03 02:07:30,808 - INFO - [7/103] Analyzing: Method and system for policy class based data migr...
2025-04-03 02:07:30,808 - INFO -   Checking up to 6 of 6 citations...
2025-04-03 02:07:47,797 - INFO -   Found 0 self-citations.
2025-04-03 02:07:47,798 - INFO - [8/103] Analyzing: System and method for autonomous and dynamic resou...
2025-04-03 02:07:47,798 - INFO -   Checking up to 6 of 6 citations...
2025-04-03 02:07:52,803 - INFO -   Found 1 self-citations.
2025-04-03 02:07:52,803 - INFO - [9/103] Analyzing: System and method for variable sparing in RAID gro...
2025-04-03 02:07:52,803 - INFO -   Checking up to 5 of 5 citations...
2025-04-03 02:07:57,811 - INFO -   Found 1 self-citations.
2025-04-03 02:07:57,811 - INFO - [10/103] Analyzing: System and method for prioritizing and preventing ...
2025-04-03 02:07:57,811 - INFO -   Checking up to 5 of 5 citations...
2025-04-03 02:08:02,638 - INFO -   Found 0 self-citations.
2025-04-03 02:08:02,638 - INFO - [11/103] Analyzing: System and method for persistent storage failure p...
2025-04-03 02:08:02,638 - INFO -   Checking up to 5 of 5 citations...
2025-04-03 02:08:13,561 - INFO -   Found 0 self-citations.
2025-04-03 02:08:13,561 - INFO - [12/103] Analyzing: Method and system for reliably forecasting storage...
2025-04-03 02:08:13,561 - INFO -   Checking up to 4 of 4 citations...
2025-04-03 02:08:17,909 - INFO -   Found 0 self-citations.
2025-04-03 02:08:17,909 - INFO - [13/103] Analyzing: Uncertainty-Aware Hardware Trojan Detection Using ...
2025-04-03 02:08:17,909 - INFO -   Checking up to 3 of 3 citations...
2025-04-03 02:08:22,892 - INFO -   Found 2 self-citations.
2025-04-03 02:08:22,893 - INFO - [14/103] Analyzing: Dynamic use of non-volatile ram as memory and stor...
2025-04-03 02:08:22,893 - INFO -   Checking up to 3 of 3 citations...
2025-04-03 02:08:27,628 - INFO -   Found 0 self-citations.
2025-04-03 02:08:27,628 - INFO - [15/103] Analyzing: Attacks on continuous chaos communication and reme...
2025-04-03 02:08:27,628 - INFO -   Checking up to 3 of 3 citations...
2025-04-03 02:08:45,442 - INFO -   Found 1 self-citations.
2025-04-03 02:08:45,443 - INFO - [16/103] Analyzing: System and method for scheduling backup workloads ...
2025-04-03 02:08:45,443 - INFO -   Checking up to 3 of 3 citations...
2025-04-03 02:08:52,625 - INFO -   Found 0 self-citations.
2025-04-03 02:08:52,626 - INFO - [17/103] Analyzing: System and method for efficient backup system awar...
2025-04-03 02:08:52,626 - INFO -   Checking up to 3 of 3 citations...
2025-04-03 02:08:56,940 - INFO -   Found 0 self-citations.
2025-04-03 02:08:56,940 - INFO - [18/103] Analyzing: Systems and methods for determining data criticali...
2025-04-03 02:08:56,940 - INFO -   Checking up to 3 of 3 citations...
2025-04-03 02:09:05,941 - INFO -   Found 0 self-citations.
2025-04-03 02:09:05,941 - INFO - [19/103] Analyzing: Method and system for managing updates of a data m...
2025-04-03 02:09:05,941 - INFO -   Checking up to 3 of 3 citations...
2025-04-03 02:09:10,125 - INFO -   Found 3 self-citations.
2025-04-03 02:09:10,125 - INFO - [20/103] Analyzing: Method and system for countering capacity shortage...
2025-04-03 02:09:10,125 - INFO -   Checking up to 3 of 3 citations...
2025-04-03 02:09:21,890 - INFO -   Found 0 self-citations.
2025-04-03 02:09:21,891 - INFO - [21/103] Analyzing: Systems and methods for device thermal management ...
2025-04-03 02:09:21,891 - INFO -   Checking up to 2 of 2 citations...
2025-04-03 02:09:31,646 - INFO -   Found 0 self-citations.
2025-04-03 02:09:31,647 - INFO - [22/103] Analyzing: Analyzing time series data for sets of devices usi...
2025-04-03 02:09:31,647 - INFO -   Checking up to 2 of 2 citations...
2025-04-03 02:09:36,057 - INFO -   Found 0 self-citations.
2025-04-03 02:09:36,057 - INFO - [23/103] Analyzing: Anomaly aware log retrieval from disk array enclos...
2025-04-03 02:09:36,058 - INFO -   Checking up to 2 of 2 citations...
2025-04-03 02:09:49,030 - INFO -   Found 0 self-citations.
2025-04-03 02:09:49,031 - INFO - [24/103] Analyzing: System and method for capacity forecasting in back...
2025-04-03 02:09:49,031 - INFO -   Checking up to 2 of 2 citations...
2025-04-03 02:09:54,076 - INFO -   Found 1 self-citations.
2025-04-03 02:09:54,076 - INFO - [25/103] Analyzing: Message encoding in nucleotides
2025-04-03 02:09:54,076 - INFO -   Checking up to 2 of 2 citations...
2025-04-03 02:09:58,886 - INFO -   Found 0 self-citations.
2025-04-03 02:09:58,886 - INFO - [26/103] Analyzing: Securely archiving digital data in DNA storage as ...
2025-04-03 02:09:58,886 - INFO -   Checking up to 1 of 1 citations...
2025-04-03 02:10:04,063 - INFO -   Found 0 self-citations.
2025-04-03 02:10:04,063 - INFO - [27/103] Analyzing: Message broker resource deletion
2025-04-03 02:10:04,063 - INFO -   Checking up to 1 of 1 citations...
2025-04-03 02:10:08,714 - INFO -   Found 0 self-citations.
2025-04-03 02:10:08,716 - INFO - [28/103] Analyzing: Forwarding incoming IO to SCM namespaces
2025-04-03 02:10:08,716 - INFO -   Checking up to 1 of 1 citations...
2025-04-03 02:10:13,666 - INFO -   Found 1 self-citations.
2025-04-03 02:10:13,666 - INFO - [29/103] Analyzing: Method and system for health rank based virtual ma...
2025-04-03 02:10:13,666 - INFO -   Checking up to 1 of 1 citations...
2025-04-03 02:10:18,728 - INFO -   Found 0 self-citations.
2025-04-03 02:10:18,729 - INFO - [30/103] Analyzing: Adaptive key rotation based on critical data in st...
2025-04-03 02:10:18,729 - INFO -   Checking up to 1 of 1 citations...
2025-04-03 02:10:24,090 - INFO -   Found 0 self-citations.
2025-04-03 02:10:24,090 - INFO - [31/103] Analyzing: System and method for approximating replication co...
2025-04-03 02:10:24,090 - INFO -   Checking up to 1 of 1 citations...
2025-04-03 02:10:29,496 - INFO -   Found 1 self-citations.
2025-04-03 02:10:29,498 - INFO - [32/103] Analyzing: Configuring unused SCM memory space to support nam...
2025-04-03 02:10:29,498 - INFO -   Checking up to 1 of 1 citations...
2025-04-03 02:10:38,539 - INFO -   Found 0 self-citations.
2025-04-03 02:10:38,540 - INFO - [33/103] Analyzing: Anomaly aware log retrieval from disk array enclos...
2025-04-03 02:10:38,540 - INFO -   Checking up to 1 of 1 citations...
2025-04-03 02:10:51,824 - INFO -   Found 1 self-citations.
2025-04-03 02:10:51,824 - INFO - [34/103] Analyzing: Method and system for variable level of logging ba...
2025-04-03 02:10:51,824 - INFO -   Checking up to 1 of 1 citations...
2025-04-03 02:11:05,210 - INFO -   Found 0 self-citations.
2025-04-03 02:11:05,212 - INFO - [35/103] Analyzing: Storing digital data in dna storage using blockcha...
2025-04-03 02:11:05,212 - INFO -   Checking up to 1 of 1 citations...
2025-04-03 02:11:09,912 - INFO -   Found 0 self-citations.
2025-04-03 02:11:09,912 - INFO - [36/103] Analyzing: Stochastic risk scoring with counterfactual analys...
2025-04-03 02:11:09,912 - INFO -   Checking up to 1 of 1 citations...
2025-04-03 02:11:14,443 - INFO -   Found 0 self-citations.
2025-04-03 02:11:14,444 - INFO - [37/103] Analyzing: Systems and methods for selecting devices for back...
2025-04-03 02:11:14,444 - INFO -   Checking up to 1 of 1 citations...
2025-04-03 02:11:19,696 - INFO -   Found 1 self-citations.
2025-04-03 02:11:19,696 - INFO - [38/103] Analyzing: Uncertainty-Aware Unimodal and Multimodal Learning...
2025-04-03 02:11:19,696 - INFO -   No citations to analyze.
2025-04-03 02:11:19,696 - INFO - [39/103] Analyzing: Smart datastore selection for protection engines b...
2025-04-03 02:11:19,696 - INFO -   No citations to analyze.
2025-04-03 02:11:19,696 - INFO - [40/103] Analyzing: Methods and systems for anomalous operation detect...
2025-04-03 02:11:19,696 - INFO -   No citations to analyze.
2025-04-03 02:11:19,696 - INFO - [41/103] Analyzing: Based on IO pattern influence NFIT table for persi...
2025-04-03 02:11:19,696 - INFO -   No citations to analyze.
2025-04-03 02:11:19,696 - INFO - [42/103] Analyzing: Predictive optimal queue length management for bac...
2025-04-03 02:11:19,696 - INFO -   No citations to analyze.
2025-04-03 02:11:19,696 - INFO - [43/103] Analyzing: SpeechCraft: An Integrated Data Generation Pipelin...
2025-04-03 02:11:19,696 - INFO -   No citations to analyze.
2025-04-03 02:11:19,696 - INFO - [44/103] Analyzing: Using prediction uncertainty quantifier with machi...
2025-04-03 02:11:19,696 - INFO -   No citations to analyze.
2025-04-03 02:11:19,696 - INFO - [45/103] Analyzing: Forwarding incoming io to scm namespaces
2025-04-03 02:11:19,696 - INFO -   No citations to analyze.
2025-04-03 02:11:19,696 - INFO - [46/103] Analyzing: Storing digital data in storage devices using smar...
2025-04-03 02:11:19,696 - INFO -   No citations to analyze.
2025-04-03 02:11:19,696 - INFO - [47/103] Analyzing: Conformal Prediction: An Inventor's Approach
2025-04-03 02:11:19,696 - INFO -   No citations to analyze.
2025-04-03 02:11:19,696 - INFO - [48/103] Analyzing: Intelligently determining when to perform enhanced...
2025-04-03 02:11:19,696 - INFO -   No citations to analyze.
2025-04-03 02:11:19,696 - INFO - [49/103] Analyzing: Method and system for predicting user involvement ...
2025-04-03 02:11:19,696 - INFO -   No citations to analyze.
2025-04-03 02:11:19,697 - INFO - [50/103] Analyzing: Managing storage device scrubbing
2025-04-03 02:11:19,697 - INFO -   No citations to analyze.
2025-04-03 02:11:19,697 - INFO - [51/103] Analyzing: Towards Uncertainty-Aware Hardware Trojan Detectio...
2025-04-03 02:11:19,697 - INFO -   No citations to analyze.
2025-04-03 02:11:19,697 - INFO - [52/103] Analyzing: Position Mapping using Content Based Image Retriev...
2025-04-03 02:11:19,697 - INFO -   No citations to analyze.
2025-04-03 02:11:19,697 - INFO - [53/103] Analyzing: Tunable Sparing of Disks in a Cloud Data Center
2025-04-03 02:11:19,697 - INFO -   No citations to analyze.
2025-04-03 02:11:19,697 - INFO - [54/103] Analyzing: Methods and systems for anomalous operation detect...
2025-04-03 02:11:19,697 - INFO -   No citations to analyze.
2025-04-03 02:11:19,697 - INFO - [55/103] Analyzing: Systems and methods for selecting optimal proxy de...
2025-04-03 02:11:19,697 - INFO -   No citations to analyze.
2025-04-03 02:11:19,697 - INFO - [56/103] Analyzing: System and method for ranking data storage devices...
2025-04-03 02:11:19,697 - INFO -   No citations to analyze.
2025-04-03 02:11:19,697 - INFO - [57/103] Analyzing: Variable Sparing of Disk Drives Based on Failure A...
2025-04-03 02:11:19,697 - INFO -   No citations to analyze.
2025-04-03 02:11:19,697 - INFO - [58/103] Analyzing: Enterprise Disk Drive Scrubbing Based on Mondrian ...
2025-04-03 02:11:19,697 - INFO -   No citations to analyze.
2025-04-03 02:11:19,697 - INFO - [59/103] Analyzing: System and method for generation of self-guided re...
2025-04-03 02:11:19,697 - INFO -   No citations to analyze.
2025-04-03 02:11:19,697 - INFO - [60/103] Analyzing: Intelligent protection of virtual machine by ident...
2025-04-03 02:11:19,697 - INFO -   No citations to analyze.
2025-04-03 02:11:19,697 - INFO - [61/103] Analyzing: State semantics kexec based firmware update
2025-04-03 02:11:19,697 - INFO -   No citations to analyze.
2025-04-03 02:11:19,697 - INFO - [62/103] Analyzing: Smart telemetry method based state transition pred...
2025-04-03 02:11:19,697 - INFO -   No citations to analyze.
2025-04-03 02:11:19,697 - INFO - [63/103] Analyzing: System and method for autonomous and dynamic resou...
2025-04-03 02:11:19,697 - INFO -   No citations to analyze.
2025-04-03 02:11:19,697 - INFO - [64/103] Analyzing: Variable sparing of disk drives in storage array
2025-04-03 02:11:19,697 - INFO -   No citations to analyze.
2025-04-03 02:11:19,697 - INFO - [65/103] Analyzing: Method of creating an intelligent upgrade flow for...
2025-04-03 02:11:19,697 - INFO -   No citations to analyze.
2025-04-03 02:11:19,697 - INFO - [66/103] Analyzing: Efficient updates of information handling systems ...
2025-04-03 02:11:19,697 - INFO -   No citations to analyze.
2025-04-03 02:11:19,697 - INFO - [67/103] Analyzing: System and method for intelligent update flow acro...
2025-04-03 02:11:19,697 - INFO -   No citations to analyze.
2025-04-03 02:11:19,697 - INFO - [68/103] Analyzing: Discover Internet of Things
2025-04-03 02:11:19,697 - INFO -   No citations to analyze.
2025-04-03 02:11:19,697 - INFO - [69/103] Analyzing: Method and system for determining favorability of ...
2025-04-03 02:11:19,697 - INFO -   No citations to analyze.
2025-04-03 02:11:19,697 - INFO - [70/103] Analyzing: Method and system for determine system upgrade rec...
2025-04-03 02:11:19,697 - INFO -   No citations to analyze.
2025-04-03 02:11:19,697 - INFO - [71/103] Analyzing: Method and system for risk score based asset data ...
2025-04-03 02:11:19,697 - INFO -   No citations to analyze.
2025-04-03 02:11:19,697 - INFO - [72/103] Analyzing: Method and system for intelligent proactive error ...
2025-04-03 02:11:19,697 - INFO -   No citations to analyze.
2025-04-03 02:11:19,697 - INFO - [73/103] Analyzing: Method to suggest best SCM configuration based on ...
2025-04-03 02:11:19,697 - INFO -   No citations to analyze.
2025-04-03 02:11:19,697 - INFO - [74/103] Analyzing: Dual relationship-based hash structure for non-vol...
2025-04-03 02:11:19,697 - INFO -   No citations to analyze.
2025-04-03 02:11:19,697 - INFO - [75/103] Analyzing: Automatically allocating device resources using ma...
2025-04-03 02:11:19,698 - INFO -   No citations to analyze.
2025-04-03 02:11:19,698 - INFO - [76/103] Analyzing: Decreasing data restoration times using advanced c...
2025-04-03 02:11:19,698 - INFO -   No citations to analyze.
2025-04-03 02:11:19,698 - INFO - [77/103] Analyzing: Managing utilization of storage class memory (SCM)...
2025-04-03 02:11:19,698 - INFO -   No citations to analyze.
2025-04-03 02:11:19,698 - INFO - [78/103] Analyzing: Stochastic risk scoring with counterfactual analys...
2025-04-03 02:11:19,698 - INFO -   No citations to analyze.
2025-04-03 02:11:19,698 - INFO - [79/103] Analyzing: Accelerating backup by writing to performance rank...
2025-04-03 02:11:19,698 - INFO -   No citations to analyze.
2025-04-03 02:11:19,698 - INFO - [80/103] Analyzing: System and method for managing cleaning policies o...
2025-04-03 02:11:19,698 - INFO -   No citations to analyze.
2025-04-03 02:11:19,698 - INFO - [81/103] Analyzing: Selective scrubbing based on algorithmic randomnes...
2025-04-03 02:11:19,698 - INFO -   No citations to analyze.
2025-04-03 02:11:19,698 - INFO - [82/103] Analyzing: System and method for probabilistically forecastin...
2025-04-03 02:11:19,698 - INFO -   No citations to analyze.
2025-04-03 02:11:19,698 - INFO - [83/103] Analyzing: Context-aware maintenance window identification
2025-04-03 02:11:19,698 - INFO -   No citations to analyze.
2025-04-03 02:11:19,698 - INFO - [84/103] Analyzing: Method and system for dynamic backup policy handsh...
2025-04-03 02:11:19,698 - INFO -   No citations to analyze.
2025-04-03 02:11:19,698 - INFO - [85/103] Analyzing: System and method for backup failure prevention in...
2025-04-03 02:11:19,698 - INFO -   No citations to analyze.
2025-04-03 02:11:19,698 - INFO - [86/103] Analyzing: System and Method for Reliable Health Forecasting ...
2025-04-03 02:11:19,698 - INFO -   No citations to analyze.
2025-04-03 02:11:19,698 - INFO - [87/103] Analyzing: New Perspective on Machine Learning Predictions Un...
2025-04-03 02:11:19,698 - INFO -   No citations to analyze.
2025-04-03 02:11:19,698 - INFO - [88/103] Analyzing: Understanding the reliability of predictions made ...
2025-04-03 02:11:19,698 - INFO -   No citations to analyze.
2025-04-03 02:11:19,698 - INFO - [89/103] Analyzing: System and Method for Variable Sparing in Large RA...
2025-04-03 02:11:19,698 - INFO -   No citations to analyze.
2025-04-03 02:11:19,698 - INFO - [90/103] Analyzing: A data placement method based on dedup cluster's h...
2025-04-03 02:11:19,698 - INFO -   No citations to analyze.
2025-04-03 02:11:19,698 - INFO - [91/103] Analyzing: Context-aware intelligent maintenance window ident...
2025-04-03 02:11:19,698 - INFO -   No citations to analyze.
2025-04-03 02:11:19,698 - INFO - [92/103] Analyzing: System and method for approximating replication co...
2025-04-03 02:11:19,698 - INFO -   No citations to analyze.
2025-04-03 02:11:19,698 - INFO - [93/103] Analyzing: System and Method for survival forecasting of disk...
2025-04-03 02:11:19,698 - INFO -   No citations to analyze.
2025-04-03 02:11:19,698 - INFO - [94/103] Analyzing: System and Method for Probabilistically Forecastin...
2025-04-03 02:11:19,698 - INFO -   No citations to analyze.
2025-04-03 02:11:19,698 - INFO - [95/103] Analyzing: System and method for an explainable leaning model...
2025-04-03 02:11:19,698 - INFO -   No citations to analyze.
2025-04-03 02:11:19,698 - INFO - [96/103] Analyzing: System and method for estimating replication compl...
2025-04-03 02:11:19,698 - INFO -   No citations to analyze.
2025-04-03 02:11:19,698 - INFO - [97/103] Analyzing: System and Method for Dynamic Hot Sparing based on...
2025-04-03 02:11:19,698 - INFO -   No citations to analyze.
2025-04-03 02:11:19,698 - INFO - [98/103] Analyzing: System and Method for analyzing Time Series for La...
2025-04-03 02:11:19,698 - INFO -   No citations to analyze.
2025-04-03 02:11:19,698 - INFO - [99/103] Analyzing: System and Method for Autonomous and Dynamic Resou...
2025-04-03 02:11:19,698 - INFO -   No citations to analyze.
2025-04-03 02:11:19,698 - INFO - [100/103] Analyzing: System and method for efficient backup system awar...
2025-04-03 02:11:19,698 - INFO -   No citations to analyze.
2025-04-03 02:11:19,698 - INFO - [101/103] Analyzing: System and method of drive failure prediction base...
2025-04-03 02:11:19,699 - INFO -   No citations to analyze.
2025-04-03 02:11:19,699 - INFO - [102/103] Analyzing: System and Method for avoiding backup failure base...
2025-04-03 02:11:19,699 - INFO -   No citations to analyze.
2025-04-03 02:11:19,699 - INFO - [103/103] Analyzing: System and method for autonomous resource setting ...
2025-04-03 02:11:19,699 - INFO -   No citations to analyze.
